2025-05-02 11:22:31,343 INFO o.a.j.u.JMeterUtils: Setting Locale to en_US
2025-05-02 11:22:31,367 INFO o.a.j.JMeter: Loading user properties from: user.properties
2025-05-02 11:22:31,368 INFO o.a.j.JMeter: Loading system properties from: system.properties
2025-05-02 11:22:31,376 INFO o.a.j.JMeter: Copyright (c) 1998-2024 The Apache Software Foundation
2025-05-02 11:22:31,376 INFO o.a.j.JMeter: Version 5.6.3
2025-05-02 11:22:31,376 INFO o.a.j.JMeter: java.version=1.8.0_451
2025-05-02 11:22:31,376 INFO o.a.j.JMeter: java.vm.name=Java HotSpot(TM) Client VM
2025-05-02 11:22:31,376 INFO o.a.j.JMeter: os.name=Windows 11
2025-05-02 11:22:31,376 INFO o.a.j.JMeter: os.arch=x86
2025-05-02 11:22:31,376 INFO o.a.j.JMeter: os.version=10.0
2025-05-02 11:22:31,376 INFO o.a.j.JMeter: file.encoding=Cp1252
2025-05-02 11:22:31,376 INFO o.a.j.JMeter: java.awt.headless=null
2025-05-02 11:22:31,376 INFO o.a.j.JMeter: Max memory     =259522560
2025-05-02 11:22:31,376 INFO o.a.j.JMeter: Available Processors =16
2025-05-02 11:22:31,380 INFO o.a.j.JMeter: Default Locale=English (United States)
2025-05-02 11:22:31,380 INFO o.a.j.JMeter: JMeter  Locale=English (United States)
2025-05-02 11:22:31,380 INFO o.a.j.JMeter: JMeterHome=C:\Users\Hp\Downloads\apache-jmeter-5.6.3\apache-jmeter-5.6.3
2025-05-02 11:22:31,380 INFO o.a.j.JMeter: user.dir  =C:\Users\Hp\Downloads\apache-jmeter-5.6.3\apache-jmeter-5.6.3\bin
2025-05-02 11:22:31,380 INFO o.a.j.JMeter: PWD       =C:\Users\Hp\Downloads\apache-jmeter-5.6.3\apache-jmeter-5.6.3\bin
2025-05-02 11:22:31,383 INFO o.a.j.JMeter: IP: 192.168.0.102 Name: Khadija-Tul-Kubra FullName: Khadija-Tul-Kubra
2025-05-02 11:22:31,401 INFO o.a.j.JMeter: Loaded icon properties from org/apache/jmeter/images/icon.properties
2025-05-02 11:22:31,558 INFO o.a.j.JMeterGuiLauncher: Setting LAF to: com.github.weisj.darklaf.DarkLaf:com.github.weisj.darklaf.theme.DarculaTheme
2025-05-02 11:22:58,647 INFO o.a.j.s.FileServer: Default base='C:\Users\Hp\Downloads\apache-jmeter-5.6.3\apache-jmeter-5.6.3\bin'
2025-05-02 12:21:06,995 INFO o.a.j.p.h.s.HTTPSamplerBase: Parser for text/html is org.apache.jmeter.protocol.http.parser.LagartoBasedHtmlParser
2025-05-02 12:21:06,995 INFO o.a.j.p.h.s.HTTPSamplerBase: Parser for application/xhtml+xml is org.apache.jmeter.protocol.http.parser.LagartoBasedHtmlParser
2025-05-02 12:21:06,995 INFO o.a.j.p.h.s.HTTPSamplerBase: Parser for application/xml is org.apache.jmeter.protocol.http.parser.LagartoBasedHtmlParser
2025-05-02 12:21:06,995 INFO o.a.j.p.h.s.HTTPSamplerBase: Parser for text/xml is org.apache.jmeter.protocol.http.parser.LagartoBasedHtmlParser
2025-05-02 12:21:06,995 INFO o.a.j.p.h.s.HTTPSamplerBase: Parser for text/vnd.wap.wml is org.apache.jmeter.protocol.http.parser.RegexpHTMLParser
2025-05-02 12:21:06,995 INFO o.a.j.p.h.s.HTTPSamplerBase: Parser for text/css is org.apache.jmeter.protocol.http.parser.CssParser
2025-05-02 12:25:28,959 INFO o.a.j.s.SampleResult: Note: Sample TimeStamps are START times
2025-05-02 12:25:28,959 INFO o.a.j.s.SampleResult: sampleresult.default.encoding is set to UTF-8
2025-05-02 12:25:28,959 INFO o.a.j.s.SampleResult: sampleresult.useNanoTime=true
2025-05-02 12:25:28,959 INFO o.a.j.s.SampleResult: sampleresult.nanoThreadSleep=5000
2025-05-02 12:27:30,215 INFO o.a.j.s.FileServer: Set new base='C:\Users\Hp\Downloads\apache-jmeter-5.6.3\apache-jmeter-5.6.3\bin\templates'
2025-05-02 12:27:30,406 INFO o.a.j.s.SaveService: Testplan (JMX) version: 2.2. Testlog (JTL) version: 2.2
2025-05-02 12:27:30,436 INFO o.a.j.s.SaveService: Using SaveService properties file encoding UTF-8
2025-05-02 12:27:30,438 INFO o.a.j.s.SaveService: Using SaveService properties version 5.0
2025-05-02 12:27:50,024 INFO o.a.j.e.StandardJMeterEngine: Running the test!
2025-05-02 12:27:50,024 INFO o.a.j.s.SampleEvent: List of sample_variables: []
2025-05-02 12:27:50,026 INFO o.a.j.s.SampleEvent: List of sample_variables: []
2025-05-02 12:27:50,026 INFO o.a.j.e.u.CompoundVariable: Note: Function class names must contain the string: '.functions.'
2025-05-02 12:27:50,026 INFO o.a.j.e.u.CompoundVariable: Note: Function class names must not contain the string: '.gui.'
2025-05-02 12:27:50,393 INFO o.a.j.g.u.JMeterMenuBar: setRunning(true, *local*)
2025-05-02 12:27:50,394 INFO o.a.j.e.StandardJMeterEngine: Starting ThreadGroup: 1 : Thread Group
2025-05-02 12:27:50,394 INFO o.a.j.e.StandardJMeterEngine: Starting 1 threads for group Thread Group.
2025-05-02 12:27:50,394 INFO o.a.j.e.StandardJMeterEngine: Thread will continue on error
2025-05-02 12:27:50,394 INFO o.a.j.t.ThreadGroup: Starting thread group... number=1 threads=1 ramp-up=1 delayedStart=false
2025-05-02 12:27:50,408 INFO o.a.j.t.ThreadGroup: Started thread group number 1
2025-05-02 12:27:50,408 INFO o.a.j.e.StandardJMeterEngine: All thread groups have been started
2025-05-02 12:27:50,408 INFO o.a.j.t.JMeterThread: Thread started: Thread Group 1-1
2025-05-02 12:27:50,437 INFO o.a.j.p.h.s.HTTPHCAbstractImpl: Local host = Khadija-Tul-Kubra
2025-05-02 12:27:50,445 INFO o.a.j.p.h.s.HTTPHC4Impl: HTTP request retry count = 0
2025-05-02 12:27:54,641 INFO o.a.j.t.JMeterThread: Thread is done: Thread Group 1-1
2025-05-02 12:27:54,641 INFO o.a.j.t.JMeterThread: Thread finished: Thread Group 1-1
2025-05-02 12:27:54,641 INFO o.a.j.e.StandardJMeterEngine: Notifying test listeners of end of test
2025-05-02 12:27:54,641 INFO o.a.j.g.u.JMeterMenuBar: setRunning(false, *local*)
2025-05-02 12:28:50,471 INFO o.a.j.e.StandardJMeterEngine: Running the test!
2025-05-02 12:28:50,471 INFO o.a.j.s.SampleEvent: List of sample_variables: []
2025-05-02 12:28:50,478 INFO o.a.j.g.u.JMeterMenuBar: setRunning(true, *local*)
2025-05-02 12:28:50,478 INFO o.a.j.e.StandardJMeterEngine: Starting ThreadGroup: 1 : Thread Group
2025-05-02 12:28:50,489 INFO o.a.j.e.StandardJMeterEngine: Starting 1 threads for group Thread Group.
2025-05-02 12:28:50,489 INFO o.a.j.e.StandardJMeterEngine: Thread will continue on error
2025-05-02 12:28:50,489 INFO o.a.j.t.ThreadGroup: Starting thread group... number=1 threads=1 ramp-up=1 delayedStart=false
2025-05-02 12:28:50,491 INFO o.a.j.t.ThreadGroup: Started thread group number 1
2025-05-02 12:28:50,491 INFO o.a.j.e.StandardJMeterEngine: All thread groups have been started
2025-05-02 12:28:50,492 INFO o.a.j.t.JMeterThread: Thread started: Thread Group 1-1
2025-05-02 12:28:54,578 INFO o.a.j.t.JMeterThread: Thread is done: Thread Group 1-1
2025-05-02 12:28:54,578 INFO o.a.j.t.JMeterThread: Thread finished: Thread Group 1-1
2025-05-02 12:28:54,578 INFO o.a.j.e.StandardJMeterEngine: Notifying test listeners of end of test
2025-05-02 12:28:54,578 INFO o.a.j.g.u.JMeterMenuBar: setRunning(false, *local*)
2025-05-02 12:34:05,522 INFO o.a.j.e.StandardJMeterEngine: Running the test!
2025-05-02 12:34:05,522 INFO o.a.j.s.SampleEvent: List of sample_variables: []
2025-05-02 12:34:05,522 INFO o.a.j.g.u.JMeterMenuBar: setRunning(true, *local*)
2025-05-02 12:34:05,522 INFO o.a.j.e.StandardJMeterEngine: Starting ThreadGroup: 1 : Thread Group
2025-05-02 12:34:05,522 INFO o.a.j.e.StandardJMeterEngine: Starting 1 threads for group Thread Group.
2025-05-02 12:34:05,522 INFO o.a.j.e.StandardJMeterEngine: Thread will continue on error
2025-05-02 12:34:05,522 INFO o.a.j.t.ThreadGroup: Starting thread group... number=1 threads=1 ramp-up=1 delayedStart=false
2025-05-02 12:34:05,522 INFO o.a.j.t.ThreadGroup: Started thread group number 1
2025-05-02 12:34:05,522 INFO o.a.j.e.StandardJMeterEngine: All thread groups have been started
2025-05-02 12:34:05,522 INFO o.a.j.t.JMeterThread: Thread started: Thread Group 1-1
2025-05-02 12:34:05,600 INFO o.a.j.t.JMeterThread: Thread is done: Thread Group 1-1
2025-05-02 12:34:05,600 INFO o.a.j.t.JMeterThread: Thread finished: Thread Group 1-1
2025-05-02 12:34:05,600 INFO o.a.j.e.StandardJMeterEngine: Notifying test listeners of end of test
2025-05-02 12:34:05,600 INFO o.a.j.g.u.JMeterMenuBar: setRunning(false, *local*)
2025-05-02 12:34:31,295 INFO o.a.j.e.StandardJMeterEngine: Running the test!
2025-05-02 12:34:31,295 INFO o.a.j.s.SampleEvent: List of sample_variables: []
2025-05-02 12:34:31,301 INFO o.a.j.g.u.JMeterMenuBar: setRunning(true, *local*)
2025-05-02 12:34:31,301 INFO o.a.j.e.StandardJMeterEngine: Starting ThreadGroup: 1 : Thread Group
2025-05-02 12:34:31,301 INFO o.a.j.e.StandardJMeterEngine: Starting 1 threads for group Thread Group.
2025-05-02 12:34:31,301 INFO o.a.j.e.StandardJMeterEngine: Thread will continue on error
2025-05-02 12:34:31,302 INFO o.a.j.t.ThreadGroup: Starting thread group... number=1 threads=1 ramp-up=1 delayedStart=false
2025-05-02 12:34:31,311 INFO o.a.j.t.ThreadGroup: Started thread group number 1
2025-05-02 12:34:31,311 INFO o.a.j.e.StandardJMeterEngine: All thread groups have been started
2025-05-02 12:34:31,311 INFO o.a.j.t.JMeterThread: Thread started: Thread Group 1-1
2025-05-02 12:34:31,326 INFO o.a.j.t.JMeterThread: Thread is done: Thread Group 1-1
2025-05-02 12:34:31,326 INFO o.a.j.t.JMeterThread: Thread finished: Thread Group 1-1
2025-05-02 12:34:31,326 INFO o.a.j.e.StandardJMeterEngine: Notifying test listeners of end of test
2025-05-02 12:34:31,327 INFO o.a.j.g.u.JMeterMenuBar: setRunning(false, *local*)
2025-05-02 12:57:57,444 INFO o.a.j.e.StandardJMeterEngine: Running the test!
2025-05-02 12:57:57,444 INFO o.a.j.s.SampleEvent: List of sample_variables: []
2025-05-02 12:57:57,457 INFO o.a.j.g.u.JMeterMenuBar: setRunning(true, *local*)
2025-05-02 12:57:57,574 INFO o.a.j.e.StandardJMeterEngine: Starting ThreadGroup: 1 : Thread Group
2025-05-02 12:57:57,575 INFO o.a.j.e.StandardJMeterEngine: Starting 1 threads for group Thread Group.
2025-05-02 12:57:57,575 INFO o.a.j.e.StandardJMeterEngine: Thread will continue on error
2025-05-02 12:57:57,575 INFO o.a.j.t.ThreadGroup: Starting thread group... number=1 threads=1 ramp-up=1 delayedStart=false
2025-05-02 12:57:57,587 INFO o.a.j.t.ThreadGroup: Started thread group number 1
2025-05-02 12:57:57,587 INFO o.a.j.e.StandardJMeterEngine: All thread groups have been started
2025-05-02 12:57:57,590 INFO o.a.j.t.JMeterThread: Thread started: Thread Group 1-1
2025-05-02 12:57:57,606 ERROR o.a.j.u.BeanShellInterpreter: Error invoking bsh method: eval	Sourced file: inline evaluation of: ``vars.put("dateTimeValue", new Date().tos=String());'' : reflection error: bsh.ReflectError: No such field: tos
2025-05-02 12:57:57,606 WARN o.a.j.m.BeanShellPreProcessor: Problem in BeanShell script. org.apache.jorphan.util.JMeterException: Error invoking bsh method: eval	Sourced file: inline evaluation of: ``vars.put("dateTimeValue", new Date().tos=String());'' : reflection error: bsh.ReflectError: No such field: tos
2025-05-02 12:57:57,616 ERROR o.a.j.u.BeanShellInterpreter: Error invoking bsh method: eval	Sourced file: inline evaluation of: ``vars.put("dateTimeValue", new Date().tos=String());'' : reflection error: bsh.ReflectError: No such field: tos
2025-05-02 12:57:57,616 WARN o.a.j.m.BeanShellPreProcessor: Problem in BeanShell script. org.apache.jorphan.util.JMeterException: Error invoking bsh method: eval	Sourced file: inline evaluation of: ``vars.put("dateTimeValue", new Date().tos=String());'' : reflection error: bsh.ReflectError: No such field: tos
2025-05-02 12:57:57,625 INFO o.a.j.p.h.s.h.LazyLayeredConnectionSocketFactory: Setting up HTTPS TrustAll Socket Factory
2025-05-02 12:57:57,633 INFO o.a.j.u.JsseSSLManager: Using default SSL protocol: TLS
2025-05-02 12:57:57,633 INFO o.a.j.u.JsseSSLManager: SSL session context: per-thread
2025-05-02 12:57:58,039 INFO o.a.j.u.SSLManager: JmeterKeyStore Location:  type JKS
2025-05-02 12:57:58,039 INFO o.a.j.u.SSLManager: KeyStore created OK
2025-05-02 12:57:58,039 WARN o.a.j.u.SSLManager: Keystore file not found, loading empty keystore
2025-05-02 12:57:58,402 INFO o.a.j.t.JMeterThread: Thread is done: Thread Group 1-1
2025-05-02 12:57:58,402 INFO o.a.j.t.JMeterThread: Thread finished: Thread Group 1-1
2025-05-02 12:57:58,402 INFO o.a.j.e.StandardJMeterEngine: Notifying test listeners of end of test
2025-05-02 12:57:58,402 INFO o.a.j.g.u.JMeterMenuBar: setRunning(false, *local*)
2025-05-02 13:07:26,420 INFO o.a.j.e.StandardJMeterEngine: Running the test!
2025-05-02 13:07:26,420 INFO o.a.j.s.SampleEvent: List of sample_variables: []
2025-05-02 13:07:26,429 INFO o.a.j.g.u.JMeterMenuBar: setRunning(true, *local*)
2025-05-02 13:07:26,535 INFO o.a.j.e.StandardJMeterEngine: Starting ThreadGroup: 1 : Thread Group
2025-05-02 13:07:26,535 INFO o.a.j.e.StandardJMeterEngine: Starting 1 threads for group Thread Group.
2025-05-02 13:07:26,535 INFO o.a.j.e.StandardJMeterEngine: Thread will continue on error
2025-05-02 13:07:26,536 INFO o.a.j.t.ThreadGroup: Starting thread group... number=1 threads=1 ramp-up=1 delayedStart=false
2025-05-02 13:07:26,547 INFO o.a.j.t.ThreadGroup: Started thread group number 1
2025-05-02 13:07:26,549 INFO o.a.j.e.StandardJMeterEngine: All thread groups have been started
2025-05-02 13:07:26,551 INFO o.a.j.t.JMeterThread: Thread started: Thread Group 1-1
2025-05-02 13:07:26,600 INFO o.a.j.t.JMeterThread: Thread is done: Thread Group 1-1
2025-05-02 13:07:26,603 INFO o.a.j.t.JMeterThread: Thread finished: Thread Group 1-1
2025-05-02 13:07:26,603 INFO o.a.j.e.StandardJMeterEngine: Notifying test listeners of end of test
2025-05-02 13:07:26,603 INFO o.a.j.g.u.JMeterMenuBar: setRunning(false, *local*)
2025-05-02 13:08:30,509 INFO o.a.j.e.StandardJMeterEngine: Running the test!
2025-05-02 13:08:30,509 INFO o.a.j.s.SampleEvent: List of sample_variables: []
2025-05-02 13:08:30,513 INFO o.a.j.g.u.JMeterMenuBar: setRunning(true, *local*)
2025-05-02 13:08:30,515 INFO o.a.j.e.StandardJMeterEngine: Starting ThreadGroup: 1 : Thread Group
2025-05-02 13:08:30,515 INFO o.a.j.e.StandardJMeterEngine: Starting 1 threads for group Thread Group.
2025-05-02 13:08:30,515 INFO o.a.j.e.StandardJMeterEngine: Thread will continue on error
2025-05-02 13:08:30,515 INFO o.a.j.t.ThreadGroup: Starting thread group... number=1 threads=1 ramp-up=1 delayedStart=false
2025-05-02 13:08:30,534 INFO o.a.j.t.ThreadGroup: Started thread group number 1
2025-05-02 13:08:30,534 INFO o.a.j.e.StandardJMeterEngine: All thread groups have been started
2025-05-02 13:08:30,537 INFO o.a.j.t.JMeterThread: Thread started: Thread Group 1-1
2025-05-02 13:08:30,549 INFO o.a.j.t.JMeterThread: Thread is done: Thread Group 1-1
2025-05-02 13:08:30,549 INFO o.a.j.t.JMeterThread: Thread finished: Thread Group 1-1
2025-05-02 13:08:30,549 INFO o.a.j.e.StandardJMeterEngine: Notifying test listeners of end of test
2025-05-02 13:08:30,549 INFO o.a.j.g.u.JMeterMenuBar: setRunning(false, *local*)
2025-05-02 13:55:19,219 INFO o.a.j.e.StandardJMeterEngine: Running the test!
2025-05-02 13:55:19,219 INFO o.a.j.s.SampleEvent: List of sample_variables: []
2025-05-02 13:55:19,227 INFO o.a.j.g.u.JMeterMenuBar: setRunning(true, *local*)
2025-05-02 13:55:19,234 INFO o.a.j.e.StandardJMeterEngine: Starting ThreadGroup: 1 : Thread Group
2025-05-02 13:55:19,237 INFO o.a.j.e.StandardJMeterEngine: Starting 1 threads for group Thread Group.
2025-05-02 13:55:19,237 INFO o.a.j.e.StandardJMeterEngine: Thread will continue on error
2025-05-02 13:55:19,237 INFO o.a.j.t.ThreadGroup: Starting thread group... number=1 threads=1 ramp-up=1 delayedStart=false
2025-05-02 13:55:19,246 INFO o.a.j.t.ThreadGroup: Started thread group number 1
2025-05-02 13:55:19,248 INFO o.a.j.e.StandardJMeterEngine: All thread groups have been started
2025-05-02 13:55:19,255 INFO o.a.j.t.JMeterThread: Thread started: Thread Group 1-1
2025-05-02 13:55:19,256 INFO o.a.j.s.FileServer: Stored: books-data.csv
2025-05-02 13:55:19,353 INFO o.a.j.t.JMeterThread: Stop Thread seen for thread Thread Group 1-1, reason: org.apache.jorphan.util.JMeterStopThreadException: End of file:books-data.csv detected for CSV DataSet:CSV Data Set Config configured with stopThread:true, recycle:false
2025-05-02 13:55:19,353 INFO o.a.j.t.JMeterThread: Thread finished: Thread Group 1-1
2025-05-02 13:55:19,353 INFO o.a.j.e.StandardJMeterEngine: Notifying test listeners of end of test
2025-05-02 13:55:19,353 INFO o.a.j.s.FileServer: Close: books-data.csv
2025-05-02 13:55:19,356 INFO o.a.j.g.u.JMeterMenuBar: setRunning(false, *local*)
2025-05-02 13:56:59,480 INFO o.a.j.e.StandardJMeterEngine: Running the test!
2025-05-02 13:56:59,482 INFO o.a.j.s.SampleEvent: List of sample_variables: []
2025-05-02 13:56:59,487 INFO o.a.j.g.u.JMeterMenuBar: setRunning(true, *local*)
2025-05-02 13:56:59,578 INFO o.a.j.e.StandardJMeterEngine: Starting ThreadGroup: 1 : Thread Group
2025-05-02 13:56:59,578 INFO o.a.j.e.StandardJMeterEngine: Starting 1 threads for group Thread Group.
2025-05-02 13:56:59,578 INFO o.a.j.e.StandardJMeterEngine: Thread will continue on error
2025-05-02 13:56:59,578 INFO o.a.j.t.ThreadGroup: Starting thread group... number=1 threads=1 ramp-up=1 delayedStart=false
2025-05-02 13:56:59,596 INFO o.a.j.t.ThreadGroup: Started thread group number 1
2025-05-02 13:56:59,596 INFO o.a.j.e.StandardJMeterEngine: All thread groups have been started
2025-05-02 13:56:59,596 INFO o.a.j.t.JMeterThread: Thread started: Thread Group 1-1
2025-05-02 13:56:59,600 INFO o.a.j.s.FileServer: Stored: books-data.csv
2025-05-02 13:56:59,675 INFO o.a.j.t.JMeterThread: Stop Thread seen for thread Thread Group 1-1, reason: org.apache.jorphan.util.JMeterStopThreadException: End of file:books-data.csv detected for CSV DataSet:CSV Data Set Config configured with stopThread:true, recycle:false
2025-05-02 13:56:59,675 INFO o.a.j.t.JMeterThread: Thread finished: Thread Group 1-1
2025-05-02 13:56:59,675 INFO o.a.j.e.StandardJMeterEngine: Notifying test listeners of end of test
2025-05-02 13:56:59,676 INFO o.a.j.s.FileServer: Close: books-data.csv
2025-05-02 13:56:59,676 INFO o.a.j.g.u.JMeterMenuBar: setRunning(false, *local*)
2025-05-02 13:57:38,158 INFO o.a.j.e.StandardJMeterEngine: Running the test!
2025-05-02 13:57:38,158 INFO o.a.j.s.SampleEvent: List of sample_variables: []
2025-05-02 13:57:38,163 INFO o.a.j.g.u.JMeterMenuBar: setRunning(true, *local*)
2025-05-02 13:57:38,165 INFO o.a.j.e.StandardJMeterEngine: Starting ThreadGroup: 1 : Thread Group
2025-05-02 13:57:38,165 INFO o.a.j.e.StandardJMeterEngine: Starting 1 threads for group Thread Group.
2025-05-02 13:57:38,165 INFO o.a.j.e.StandardJMeterEngine: Thread will continue on error
2025-05-02 13:57:38,165 INFO o.a.j.t.ThreadGroup: Starting thread group... number=1 threads=1 ramp-up=1 delayedStart=false
2025-05-02 13:57:38,181 INFO o.a.j.t.ThreadGroup: Started thread group number 1
2025-05-02 13:57:38,183 INFO o.a.j.e.StandardJMeterEngine: All thread groups have been started
2025-05-02 13:57:38,183 INFO o.a.j.t.JMeterThread: Thread started: Thread Group 1-1
2025-05-02 13:57:38,204 INFO o.a.j.t.JMeterThread: Thread is done: Thread Group 1-1
2025-05-02 13:57:38,204 INFO o.a.j.t.JMeterThread: Thread finished: Thread Group 1-1
2025-05-02 13:57:38,206 INFO o.a.j.e.StandardJMeterEngine: Notifying test listeners of end of test
2025-05-02 13:57:38,206 INFO o.a.j.g.u.JMeterMenuBar: setRunning(false, *local*)
2025-05-02 14:09:46,301 INFO o.a.j.e.StandardJMeterEngine: Running the test!
2025-05-02 14:09:46,301 INFO o.a.j.s.SampleEvent: List of sample_variables: []
2025-05-02 14:09:46,308 INFO o.a.j.g.u.JMeterMenuBar: setRunning(true, *local*)
2025-05-02 14:09:46,310 INFO o.a.j.e.StandardJMeterEngine: Starting ThreadGroup: 1 : Thread Group
2025-05-02 14:09:46,310 INFO o.a.j.e.StandardJMeterEngine: Starting 1 threads for group Thread Group.
2025-05-02 14:09:46,310 INFO o.a.j.e.StandardJMeterEngine: Thread will continue on error
2025-05-02 14:09:46,310 INFO o.a.j.t.ThreadGroup: Starting thread group... number=1 threads=1 ramp-up=1 delayedStart=false
2025-05-02 14:09:46,325 INFO o.a.j.t.ThreadGroup: Started thread group number 1
2025-05-02 14:09:46,325 INFO o.a.j.e.StandardJMeterEngine: All thread groups have been started
2025-05-02 14:09:46,328 INFO o.a.j.t.JMeterThread: Thread started: Thread Group 1-1
2025-05-02 14:09:46,361 INFO o.a.j.t.JMeterThread: Thread is done: Thread Group 1-1
2025-05-02 14:09:46,361 INFO o.a.j.t.JMeterThread: Thread finished: Thread Group 1-1
2025-05-02 14:09:46,363 INFO o.a.j.e.StandardJMeterEngine: Notifying test listeners of end of test
2025-05-02 14:09:46,363 INFO o.a.j.g.u.JMeterMenuBar: setRunning(false, *local*)
2025-05-02 14:18:15,953 INFO o.a.j.e.StandardJMeterEngine: Running the test!
2025-05-02 14:18:15,953 INFO o.a.j.s.SampleEvent: List of sample_variables: []
2025-05-02 14:18:15,960 INFO o.a.j.g.u.JMeterMenuBar: setRunning(true, *local*)
2025-05-02 14:18:15,960 INFO o.a.j.e.StandardJMeterEngine: Starting ThreadGroup: 1 : Thread Group
2025-05-02 14:18:15,960 INFO o.a.j.e.StandardJMeterEngine: Starting 1 threads for group Thread Group.
2025-05-02 14:18:15,960 INFO o.a.j.e.StandardJMeterEngine: Thread will continue on error
2025-05-02 14:18:15,960 INFO o.a.j.t.ThreadGroup: Starting thread group... number=1 threads=1 ramp-up=1 delayedStart=false
2025-05-02 14:18:15,978 INFO o.a.j.t.ThreadGroup: Started thread group number 1
2025-05-02 14:18:15,978 INFO o.a.j.e.StandardJMeterEngine: All thread groups have been started
2025-05-02 14:18:15,978 INFO o.a.j.t.JMeterThread: Thread started: Thread Group 1-1
2025-05-02 14:18:16,083 INFO o.a.j.t.JMeterThread: Thread is done: Thread Group 1-1
2025-05-02 14:18:16,083 INFO o.a.j.t.JMeterThread: Thread finished: Thread Group 1-1
2025-05-02 14:18:16,083 INFO o.a.j.e.StandardJMeterEngine: Notifying test listeners of end of test
2025-05-02 14:18:16,083 INFO o.a.j.g.u.JMeterMenuBar: setRunning(false, *local*)
2025-05-02 14:19:08,912 INFO o.a.j.e.StandardJMeterEngine: Running the test!
2025-05-02 14:19:08,912 INFO o.a.j.s.SampleEvent: List of sample_variables: []
2025-05-02 14:19:08,917 INFO o.a.j.g.u.JMeterMenuBar: setRunning(true, *local*)
2025-05-02 14:19:08,921 INFO o.a.j.e.StandardJMeterEngine: Starting ThreadGroup: 1 : Thread Group
2025-05-02 14:19:08,921 INFO o.a.j.e.StandardJMeterEngine: Starting 1 threads for group Thread Group.
2025-05-02 14:19:08,921 INFO o.a.j.e.StandardJMeterEngine: Thread will continue on error
2025-05-02 14:19:08,921 INFO o.a.j.t.ThreadGroup: Starting thread group... number=1 threads=1 ramp-up=1 delayedStart=false
2025-05-02 14:19:08,935 INFO o.a.j.t.ThreadGroup: Started thread group number 1
2025-05-02 14:19:08,935 INFO o.a.j.e.StandardJMeterEngine: All thread groups have been started
2025-05-02 14:19:08,938 INFO o.a.j.t.JMeterThread: Thread started: Thread Group 1-1
2025-05-02 14:19:08,949 INFO o.a.j.t.JMeterThread: Thread is done: Thread Group 1-1
2025-05-02 14:19:08,949 INFO o.a.j.t.JMeterThread: Thread finished: Thread Group 1-1
2025-05-02 14:19:08,949 INFO o.a.j.e.StandardJMeterEngine: Notifying test listeners of end of test
2025-05-02 14:19:08,952 INFO o.a.j.g.u.JMeterMenuBar: setRunning(false, *local*)
2025-05-02 14:19:47,508 INFO o.a.j.e.StandardJMeterEngine: Running the test!
2025-05-02 14:19:47,515 INFO o.a.j.s.SampleEvent: List of sample_variables: []
2025-05-02 14:19:47,518 INFO o.a.j.g.u.JMeterMenuBar: setRunning(true, *local*)
2025-05-02 14:19:47,521 INFO o.a.j.e.StandardJMeterEngine: Starting ThreadGroup: 1 : Thread Group
2025-05-02 14:19:47,521 INFO o.a.j.e.StandardJMeterEngine: Starting 1 threads for group Thread Group.
2025-05-02 14:19:47,521 INFO o.a.j.e.StandardJMeterEngine: Thread will continue on error
2025-05-02 14:19:47,521 INFO o.a.j.t.ThreadGroup: Starting thread group... number=1 threads=1 ramp-up=1 delayedStart=false
2025-05-02 14:19:47,538 INFO o.a.j.t.ThreadGroup: Started thread group number 1
2025-05-02 14:19:47,538 INFO o.a.j.e.StandardJMeterEngine: All thread groups have been started
2025-05-02 14:19:47,542 INFO o.a.j.t.JMeterThread: Thread started: Thread Group 1-1
2025-05-02 14:19:47,556 INFO o.a.j.t.JMeterThread: Thread is done: Thread Group 1-1
2025-05-02 14:19:47,556 INFO o.a.j.t.JMeterThread: Thread finished: Thread Group 1-1
2025-05-02 14:19:47,556 INFO o.a.j.e.StandardJMeterEngine: Notifying test listeners of end of test
2025-05-02 14:19:47,556 INFO o.a.j.g.u.JMeterMenuBar: setRunning(false, *local*)
2025-05-02 14:23:03,025 INFO o.a.j.e.StandardJMeterEngine: Running the test!
2025-05-02 14:23:03,025 INFO o.a.j.s.SampleEvent: List of sample_variables: []
2025-05-02 14:23:03,035 INFO o.a.j.g.u.JMeterMenuBar: setRunning(true, *local*)
2025-05-02 14:23:03,042 INFO o.a.j.e.StandardJMeterEngine: Starting ThreadGroup: 1 : Thread Group
2025-05-02 14:23:03,042 INFO o.a.j.e.StandardJMeterEngine: Starting 1 threads for group Thread Group.
2025-05-02 14:23:03,042 INFO o.a.j.e.StandardJMeterEngine: Thread will continue on error
2025-05-02 14:23:03,042 INFO o.a.j.t.ThreadGroup: Starting thread group... number=1 threads=1 ramp-up=1 delayedStart=false
2025-05-02 14:23:03,055 INFO o.a.j.t.ThreadGroup: Started thread group number 1
2025-05-02 14:23:03,055 INFO o.a.j.e.StandardJMeterEngine: All thread groups have been started
2025-05-02 14:23:03,058 INFO o.a.j.t.JMeterThread: Thread started: Thread Group 1-1
2025-05-02 14:23:03,100 INFO o.a.j.t.JMeterThread: Thread is done: Thread Group 1-1
2025-05-02 14:23:03,100 INFO o.a.j.t.JMeterThread: Thread finished: Thread Group 1-1
2025-05-02 14:23:03,101 INFO o.a.j.e.StandardJMeterEngine: Notifying test listeners of end of test
2025-05-02 14:23:03,101 INFO o.a.j.g.u.JMeterMenuBar: setRunning(false, *local*)
2025-05-02 14:23:54,299 INFO o.a.j.e.StandardJMeterEngine: Running the test!
2025-05-02 14:23:54,299 INFO o.a.j.s.SampleEvent: List of sample_variables: []
2025-05-02 14:23:54,306 INFO o.a.j.g.u.JMeterMenuBar: setRunning(true, *local*)
2025-05-02 14:23:54,311 INFO o.a.j.e.StandardJMeterEngine: Starting ThreadGroup: 1 : Thread Group
2025-05-02 14:23:54,311 INFO o.a.j.e.StandardJMeterEngine: Starting 1 threads for group Thread Group.
2025-05-02 14:23:54,311 INFO o.a.j.e.StandardJMeterEngine: Thread will continue on error
2025-05-02 14:23:54,311 INFO o.a.j.t.ThreadGroup: Starting thread group... number=1 threads=1 ramp-up=1 delayedStart=false
2025-05-02 14:23:54,322 INFO o.a.j.t.ThreadGroup: Started thread group number 1
2025-05-02 14:23:54,322 INFO o.a.j.e.StandardJMeterEngine: All thread groups have been started
2025-05-02 14:23:54,322 INFO o.a.j.t.JMeterThread: Thread started: Thread Group 1-1
2025-05-02 14:23:54,337 INFO o.a.j.t.JMeterThread: Thread is done: Thread Group 1-1
2025-05-02 14:23:54,337 INFO o.a.j.t.JMeterThread: Thread finished: Thread Group 1-1
2025-05-02 14:23:54,337 INFO o.a.j.e.StandardJMeterEngine: Notifying test listeners of end of test
2025-05-02 14:23:54,337 INFO o.a.j.g.u.JMeterMenuBar: setRunning(false, *local*)
2025-05-02 14:28:03,299 INFO o.a.j.e.StandardJMeterEngine: Running the test!
2025-05-02 14:28:03,300 INFO o.a.j.s.SampleEvent: List of sample_variables: []
2025-05-02 14:28:03,300 INFO o.a.j.g.u.JMeterMenuBar: setRunning(true, *local*)
2025-05-02 14:28:03,399 INFO o.a.j.e.StandardJMeterEngine: Starting ThreadGroup: 1 : Thread Group
2025-05-02 14:28:03,399 INFO o.a.j.e.StandardJMeterEngine: Starting 1 threads for group Thread Group.
2025-05-02 14:28:03,399 INFO o.a.j.e.StandardJMeterEngine: Thread will continue on error
2025-05-02 14:28:03,399 INFO o.a.j.t.ThreadGroup: Starting thread group... number=1 threads=1 ramp-up=1 delayedStart=false
2025-05-02 14:28:03,414 INFO o.a.j.t.ThreadGroup: Started thread group number 1
2025-05-02 14:28:03,414 INFO o.a.j.e.StandardJMeterEngine: All thread groups have been started
2025-05-02 14:28:03,416 INFO o.a.j.t.JMeterThread: Thread started: Thread Group 1-1
2025-05-02 14:28:03,447 INFO o.a.j.t.JMeterThread: Thread is done: Thread Group 1-1
2025-05-02 14:28:03,447 INFO o.a.j.t.JMeterThread: Thread finished: Thread Group 1-1
2025-05-02 14:28:03,447 INFO o.a.j.e.StandardJMeterEngine: Notifying test listeners of end of test
2025-05-02 14:28:03,447 INFO o.a.j.g.u.JMeterMenuBar: setRunning(false, *local*)
2025-05-02 14:30:57,848 INFO o.a.j.e.StandardJMeterEngine: Running the test!
2025-05-02 14:30:57,849 INFO o.a.j.s.SampleEvent: List of sample_variables: []
2025-05-02 14:30:57,854 INFO o.a.j.g.u.JMeterMenuBar: setRunning(true, *local*)
2025-05-02 14:30:57,854 INFO o.a.j.e.StandardJMeterEngine: Starting ThreadGroup: 1 : Thread Group
2025-05-02 14:30:57,854 INFO o.a.j.e.StandardJMeterEngine: Starting 1 threads for group Thread Group.
2025-05-02 14:30:57,854 INFO o.a.j.e.StandardJMeterEngine: Thread will continue on error
2025-05-02 14:30:57,854 INFO o.a.j.t.ThreadGroup: Starting thread group... number=1 threads=1 ramp-up=1 delayedStart=false
2025-05-02 14:30:57,873 INFO o.a.j.t.ThreadGroup: Started thread group number 1
2025-05-02 14:30:57,873 INFO o.a.j.e.StandardJMeterEngine: All thread groups have been started
2025-05-02 14:30:57,876 INFO o.a.j.t.JMeterThread: Thread started: Thread Group 1-1
2025-05-02 14:30:57,912 INFO o.a.j.t.JMeterThread: Thread is done: Thread Group 1-1
2025-05-02 14:30:57,912 INFO o.a.j.t.JMeterThread: Thread finished: Thread Group 1-1
2025-05-02 14:30:57,912 INFO o.a.j.e.StandardJMeterEngine: Notifying test listeners of end of test
2025-05-02 14:30:57,912 INFO o.a.j.g.u.JMeterMenuBar: setRunning(false, *local*)
2025-05-02 14:31:25,595 INFO o.a.j.e.StandardJMeterEngine: Running the test!
2025-05-02 14:31:25,601 INFO o.a.j.s.SampleEvent: List of sample_variables: []
2025-05-02 14:31:25,604 INFO o.a.j.g.u.JMeterMenuBar: setRunning(true, *local*)
2025-05-02 14:31:25,606 INFO o.a.j.e.StandardJMeterEngine: Starting ThreadGroup: 1 : Thread Group
2025-05-02 14:31:25,606 INFO o.a.j.e.StandardJMeterEngine: Starting 1 threads for group Thread Group.
2025-05-02 14:31:25,606 INFO o.a.j.e.StandardJMeterEngine: Thread will continue on error
2025-05-02 14:31:25,606 INFO o.a.j.t.ThreadGroup: Starting thread group... number=1 threads=1 ramp-up=1 delayedStart=false
2025-05-02 14:31:25,625 INFO o.a.j.t.ThreadGroup: Started thread group number 1
2025-05-02 14:31:25,625 INFO o.a.j.e.StandardJMeterEngine: All thread groups have been started
2025-05-02 14:31:25,625 INFO o.a.j.t.JMeterThread: Thread started: Thread Group 1-1
2025-05-02 14:31:25,640 INFO o.a.j.t.JMeterThread: Thread is done: Thread Group 1-1
2025-05-02 14:31:25,642 INFO o.a.j.t.JMeterThread: Thread finished: Thread Group 1-1
2025-05-02 14:31:25,642 INFO o.a.j.e.StandardJMeterEngine: Notifying test listeners of end of test
2025-05-02 14:31:25,642 INFO o.a.j.g.u.JMeterMenuBar: setRunning(false, *local*)
2025-05-02 15:58:34,694 INFO o.a.j.e.StandardJMeterEngine: Running the test!
2025-05-02 15:58:34,694 INFO o.a.j.s.SampleEvent: List of sample_variables: []
2025-05-02 15:58:34,703 INFO o.a.j.g.u.JMeterMenuBar: setRunning(true, *local*)
2025-05-02 15:58:34,837 INFO o.a.j.e.StandardJMeterEngine: Starting ThreadGroup: 1 : Thread Group
2025-05-02 15:58:34,837 INFO o.a.j.e.StandardJMeterEngine: Starting 1 threads for group Thread Group.
2025-05-02 15:58:34,837 INFO o.a.j.e.StandardJMeterEngine: Thread will continue on error
2025-05-02 15:58:34,840 INFO o.a.j.t.ThreadGroup: Starting thread group... number=1 threads=1 ramp-up=1 delayedStart=false
2025-05-02 15:58:34,851 INFO o.a.j.t.ThreadGroup: Started thread group number 1
2025-05-02 15:58:34,851 INFO o.a.j.e.StandardJMeterEngine: All thread groups have been started
2025-05-02 15:58:34,855 INFO o.a.j.t.JMeterThread: Thread started: Thread Group 1-1
2025-05-02 15:58:34,875 INFO o.a.j.t.JMeterThread: Thread is done: Thread Group 1-1
2025-05-02 15:58:34,875 INFO o.a.j.t.JMeterThread: Thread finished: Thread Group 1-1
2025-05-02 15:58:34,878 INFO o.a.j.e.StandardJMeterEngine: Notifying test listeners of end of test
2025-05-02 15:58:34,878 INFO o.a.j.g.u.JMeterMenuBar: setRunning(false, *local*)
2025-05-02 16:03:12,384 INFO o.a.j.e.StandardJMeterEngine: Running the test!
2025-05-02 16:03:12,385 INFO o.a.j.s.SampleEvent: List of sample_variables: []
2025-05-02 16:03:12,391 INFO o.a.j.g.u.JMeterMenuBar: setRunning(true, *local*)
2025-05-02 16:03:12,391 INFO o.a.j.e.StandardJMeterEngine: Starting ThreadGroup: 1 : Thread Group
2025-05-02 16:03:12,391 INFO o.a.j.e.StandardJMeterEngine: Starting 1 threads for group Thread Group.
2025-05-02 16:03:12,391 INFO o.a.j.e.StandardJMeterEngine: Thread will continue on error
2025-05-02 16:03:12,391 INFO o.a.j.t.ThreadGroup: Starting thread group... number=1 threads=1 ramp-up=1 delayedStart=false
2025-05-02 16:03:12,408 INFO o.a.j.t.ThreadGroup: Started thread group number 1
2025-05-02 16:03:12,409 INFO o.a.j.e.StandardJMeterEngine: All thread groups have been started
2025-05-02 16:03:12,411 INFO o.a.j.t.JMeterThread: Thread started: Thread Group 1-1
2025-05-02 16:03:12,456 INFO o.a.j.t.JMeterThread: Thread is done: Thread Group 1-1
2025-05-02 16:03:12,456 INFO o.a.j.t.JMeterThread: Thread finished: Thread Group 1-1
2025-05-02 16:03:12,458 INFO o.a.j.e.StandardJMeterEngine: Notifying test listeners of end of test
2025-05-02 16:03:12,458 INFO o.a.j.g.u.JMeterMenuBar: setRunning(false, *local*)
2025-05-02 16:04:44,856 INFO o.a.j.e.StandardJMeterEngine: Running the test!
2025-05-02 16:04:44,856 INFO o.a.j.s.SampleEvent: List of sample_variables: []
2025-05-02 16:04:44,867 INFO o.a.j.g.u.JMeterMenuBar: setRunning(true, *local*)
2025-05-02 16:04:44,954 INFO o.a.j.e.StandardJMeterEngine: Starting ThreadGroup: 1 : Thread Group
2025-05-02 16:04:44,954 INFO o.a.j.e.StandardJMeterEngine: Starting 1 threads for group Thread Group.
2025-05-02 16:04:44,954 INFO o.a.j.e.StandardJMeterEngine: Thread will continue on error
2025-05-02 16:04:44,958 INFO o.a.j.t.ThreadGroup: Starting thread group... number=1 threads=1 ramp-up=1 delayedStart=false
2025-05-02 16:04:44,968 INFO o.a.j.t.ThreadGroup: Started thread group number 1
2025-05-02 16:04:44,968 INFO o.a.j.e.StandardJMeterEngine: All thread groups have been started
2025-05-02 16:04:44,972 INFO o.a.j.t.JMeterThread: Thread started: Thread Group 1-1
2025-05-02 16:04:45,002 INFO o.a.j.t.JMeterThread: Thread is done: Thread Group 1-1
2025-05-02 16:04:45,002 INFO o.a.j.t.JMeterThread: Thread finished: Thread Group 1-1
2025-05-02 16:04:45,002 INFO o.a.j.e.StandardJMeterEngine: Notifying test listeners of end of test
2025-05-02 16:04:45,002 INFO o.a.j.g.u.JMeterMenuBar: setRunning(false, *local*)
2025-05-02 16:07:03,349 INFO o.a.j.e.StandardJMeterEngine: Running the test!
2025-05-02 16:07:03,349 INFO o.a.j.s.SampleEvent: List of sample_variables: []
2025-05-02 16:07:03,354 INFO o.a.j.g.u.JMeterMenuBar: setRunning(true, *local*)
2025-05-02 16:07:03,356 INFO o.a.j.e.StandardJMeterEngine: Starting ThreadGroup: 1 : Thread Group
2025-05-02 16:07:03,363 INFO o.a.j.e.StandardJMeterEngine: Starting 1 threads for group Thread Group.
2025-05-02 16:07:03,363 INFO o.a.j.e.StandardJMeterEngine: Thread will continue on error
2025-05-02 16:07:03,363 INFO o.a.j.t.ThreadGroup: Starting thread group... number=1 threads=1 ramp-up=1 delayedStart=false
2025-05-02 16:07:03,374 INFO o.a.j.t.ThreadGroup: Started thread group number 1
2025-05-02 16:07:03,374 INFO o.a.j.e.StandardJMeterEngine: All thread groups have been started
2025-05-02 16:07:03,377 INFO o.a.j.t.JMeterThread: Thread started: Thread Group 1-1
2025-05-02 16:07:03,400 INFO o.a.j.t.JMeterThread: Thread is done: Thread Group 1-1
2025-05-02 16:07:03,400 INFO o.a.j.t.JMeterThread: Thread finished: Thread Group 1-1
2025-05-02 16:07:03,402 INFO o.a.j.e.StandardJMeterEngine: Notifying test listeners of end of test
2025-05-02 16:07:03,402 INFO o.a.j.g.u.JMeterMenuBar: setRunning(false, *local*)
